/Users/minqi/miniconda3/envs/structural-break/lib/python3.10/site-packages/sklearn/utils/validation.py:2749: UserWarning: X does not have valid feature names, but LGBMClassifier was fitted with feature names
  warnings.warn(
/Users/minqi/miniconda3/envs/structural-break/lib/python3.10/site-packages/sklearn/utils/validation.py:2749: UserWarning: X does not have valid feature names, but LGBMClassifier was fitted with feature names
  warnings.warn(
/Users/minqi/miniconda3/envs/structural-break/lib/python3.10/site-packages/sklearn/utils/validation.py:2749: UserWarning: X does not have valid feature names, but LGBMClassifier was fitted with feature names
  warnings.warn(
/Users/minqi/miniconda3/envs/structural-break/lib/python3.10/site-packages/sklearn/utils/validation.py:2749: UserWarning: X does not have valid feature names, but LGBMClassifier was fitted with feature names
  warnings.warn(
/Users/minqi/miniconda3/envs/structural-break/lib/python3.10/site-packages/sklearn/utils/validation.py:2749: UserWarning: X does not have valid feature names, but LGBMClassifier was fitted with feature names
  warnings.warn(
/Users/minqi/miniconda3/envs/structural-break/lib/python3.10/site-packages/sklearn/utils/validation.py:2749: UserWarning: X does not have valid feature names, but LGBMClassifier was fitted with feature names
  warnings.warn(

  300 series | 21s
  600 series | 41s
  900 series | 61s
  1200 series | 80s
  1500 series | 101s
  1800 series | 121s
  2100 series | 142s
  2400 series | 163s
  2700 series | 182s
  3000 series | 202s
  3300 series | 223s
  3600 series | 242s
  3900 series | 262s
  4200 series | 282s
  4500 series | 301s
  4800 series | 319s
  5100 series | 339s
  5400 series | 359s
  5700 series | 377s
  6000 series | 395s
  6300 series | 414s
  6600 series | 433s
  6900 series | 452s
  7200 series | 471s
  7500 series | 490s
  7800 series | 508s
  8100 series | 527s
  8400 series | 545s
  8700 series | 564s
  9000 series | 583s
  9300 series | 602s
  9600 series | 620s
  9900 series | 640s
final train written 648s
FINAL subsample-holdout: seed0 0.5780 | bag3 0.5793   (union 0.5821 / cal-alone 0.5773)
gain share cal_ vs rest: 0.17 / 0.83
top 12: {'cumsum_range': 171735.0, 'spectral_entropy': 75362.0, 'cal_ar5_var_scan': 43005.0, 'ref_skew': 36505.0, 'ref_log_n': 35309.0, 'spectral_centroid': 29149.0, 'ref_kurt': 27688.0, 'rollmean16_cov_vs_ref': 25408.0, 'diff2_cov': 24194.0, 'ref_autocorr': 23888.0, 'rank_range_vs_ref': 21781.0, 'rollmean16_max': 19242.0}
FINAL reduced bag3 = 0.5764   (union 0.5676 / baseline 0.5719)

