/Users/minqi/miniconda3/envs/structural-break/lib/python3.10/site-packages/sklearn/utils/validation.py:2749: UserWarning: X does not have valid feature names, but LGBMClassifier was fitted with feature names
  warnings.warn(
/Users/minqi/miniconda3/envs/structural-break/lib/python3.10/site-packages/sklearn/utils/validation.py:2749: UserWarning: X does not have valid feature names, but LGBMClassifier was fitted with feature names
  warnings.warn(
/Users/minqi/miniconda3/envs/structural-break/lib/python3.10/site-packages/sklearn/utils/validation.py:2749: UserWarning: X does not have valid feature names, but LGBMClassifier was fitted with feature names
  warnings.warn(
/Users/minqi/miniconda3/envs/structural-break/lib/python3.10/site-packages/sklearn/utils/validation.py:2749: UserWarning: X does not have valid feature names, but LGBMClassifier was fitted with feature names
  warnings.warn(
/Users/minqi/miniconda3/envs/structural-break/lib/python3.10/site-packages/sklearn/utils/validation.py:2749: UserWarning: X does not have valid feature names, but LGBMClassifier was fitted with feature names
  warnings.warn(
/Users/minqi/miniconda3/envs/structural-break/lib/python3.10/site-packages/sklearn/utils/validation.py:2749: UserWarning: X does not have valid feature names, but LGBMClassifier was fitted with feature names
  warnings.warn(
/Users/minqi/miniconda3/envs/structural-break/lib/python3.10/site-packages/sklearn/utils/validation.py:2749: UserWarning: X does not have valid feature names, but LGBMClassifier was fitted with feature names
  warnings.warn(
/Users/minqi/miniconda3/envs/structural-break/lib/python3.10/site-packages/sklearn/utils/validation.py:2749: UserWarning: X does not have valid feature names, but LGBMClassifier was fitted with feature names
  warnings.warn(
/Users/minqi/miniconda3/envs/structural-break/lib/python3.10/site-packages/sklearn/utils/validation.py:2749: UserWarning: X does not have valid feature names, but LGBMClassifier was fitted with feature names
  warnings.warn(
/Users/minqi/miniconda3/envs/structural-break/lib/python3.10/site-packages/sklearn/utils/validation.py:2749: UserWarning: X does not have valid feature names, but LGBMClassifier was fitted with feature names
  warnings.warn(
/Users/minqi/miniconda3/envs/structural-break/lib/python3.10/site-packages/sklearn/utils/validation.py:2749: UserWarning: X does not have valid feature names, but LGBMClassifier was fitted with feature names
  warnings.warn(
/Users/minqi/miniconda3/envs/structural-break/lib/python3.10/site-packages/sklearn/utils/validation.py:2749: UserWarning: X does not have valid feature names, but LGBMClassifier was fitted with feature names
  warnings.warn(

train bank: (217978, 453) | break-rate 0.123
seed0 holdout TS-AUC = 0.5804 (35s)
top 15 gain: {'cummax_scan.ring3': 0.047, 'scan.ring3': 0.03, 'cummax_scan.chq': 0.027, 'stat.ref_log_n': 0.02, 'stat.ref_skew': 0.02, 'cummax_scan.e5_mean': 0.019, 'stat.ref_kurt': 0.018, 'stat.ref_ring0_p': 0.017, 'stat.ref_ar5_norm': 0.017, 'stat.ref_ac2': 0.016, 'scan.e5_var': 0.015, 'stat.ref_log_lrv_u': 0.015, 'cummax_scan.e5_var': 0.015, 'cummax_scan.ring0': 0.014, 'cummax_scan.cdf0.9': 0.012}
bag3  holdout TS-AUC = 0.5773   (baseline v5 bag3 = 0.5908)
REDUCED TEST TS-AUC (bag3) = 0.5735   (baseline = 0.5719)
flat reduced bank: (50983, 330)
  500 series | 36s
  1000 series | 69s
  1500 series | 102s
  2000 series | 132s
  2500 series | 165s
  3000 series | 198s
  3500 series | 234s
  4000 series | 270s
  4500 series | 306s
  5000 series | 341s
  5500 series | 378s
  6000 series | 410s
  6500 series | 445s
  7000 series | 480s
  7500 series | 513s
  8000 series | 549s
  8500 series | 585s
  9000 series | 621s
  9500 series | 656s
  10000 series | 693s
flat train bank written 693s
flat holdout full-res bank: (1012236, 330) 121s
FLAT full-res holdout: seed0 0.6023 | bag3 0.6064   (baseline 0.5908)
top 15 gain: {'extreme_occ_scanpeak': 0.067, 'spectral_entropy_shift': 0.061, 'ctx_ref_skew': 0.024, 'ctx_ref_kurt': 0.023, 'ctx_ref_log_n': 0.022, 'ctx_ref_ac2': 0.021, 'ctx_ref_ring0_p': 0.021, 'ctx_ref_ar5_norm': 0.019, 'spectral_centroid_shift': 0.018, 'ar5_resid_var_scan': 0.016, 'corridor_var_scanpeak': 0.015, 'sign_runs_exppeak': 0.015, 'ctx_ref_dz_q95': 0.014, 'ar5_resid_var_scanpeak': 0.014, 'corridor_var_exppeak': 0.014}
FLAT reduced test bag3: 0.5695   (baseline 0.5719)

