/Users/minqi/miniconda3/envs/structural-break/lib/python3.10/site-packages/sklearn/utils/validation.py:2749: UserWarning: X does not have valid feature names, but LGBMClassifier was fitted with feature names
  warnings.warn(
/Users/minqi/miniconda3/envs/structural-break/lib/python3.10/site-packages/sklearn/utils/validation.py:2749: UserWarning: X does not have valid feature names, but LGBMClassifier was fitted with feature names
  warnings.warn(
/Users/minqi/miniconda3/envs/structural-break/lib/python3.10/site-packages/sklearn/utils/validation.py:2749: UserWarning: X does not have valid feature names, but LGBMClassifier was fitted with feature names
  warnings.warn(
/Users/minqi/miniconda3/envs/structural-break/lib/python3.10/site-packages/sklearn/utils/validation.py:2749: UserWarning: X does not have valid feature names, but LGBMClassifier was fitted with feature names
  warnings.warn(
/Users/minqi/miniconda3/envs/structural-break/lib/python3.10/site-packages/sklearn/utils/validation.py:2749: UserWarning: X does not have valid feature names, but LGBMClassifier was fitted with feature names
  warnings.warn(
/Users/minqi/miniconda3/envs/structural-break/lib/python3.10/site-packages/sklearn/utils/validation.py:2749: UserWarning: X does not have valid feature names, but LGBMClassifier was fitted with feature names
  warnings.warn(

  500 series | 30s
  1000 series | 58s
  1500 series | 90s
  2000 series | 120s
  2500 series | 147s
  3000 series | 173s
  3500 series | 201s
  4000 series | 229s
  4500 series | 257s
  5000 series | 284s
  5500 series | 317s
  6000 series | 345s
  6500 series | 376s
  7000 series | 406s
  7500 series | 435s
  8000 series | 464s
  8500 series | 495s
  9000 series | 527s
  9500 series | 558s
  10000 series | 586s
dense train bank written 586s
dense train bank: (1001183, 330) | train rows: 800665
seed0 holdout 0.5959
DENSE full-res holdout bag3 = 0.6012   (subsample-trained 0.6064)
DENSE reduced test bag3 = 0.5633   (subsample 0.5695 / baseline 0.5719)

